# JRE version: OpenJDK Runtime Environment (8.0_152-b01) (build 1.8.0_152-release-915-b01)
# Java VM: OpenJDK 64-Bit Server VM (25.152-b01 mixed mode windows-amd64 compressed oops)
Heap:
 PSYoungGen      total 143872K, used 69450K [0x00000000e0000000, 0x00000000ebb00000, 0x0000000100000000)
  eden space 129024K, 42% used [0x00000000e0000000,0x00000000e3552898,0x00000000e7e00000)
  from space 14848K, 100% used [0x00000000e7e00000,0x00000000e8c80000,0x00000000e8c80000)
  to   space 17408K, 0% used [0x00000000eaa00000,0x00000000eaa00000,0x00000000ebb00000)
 ParOldGen       total 73216K, used 33319K [0x00000000a0000000, 0x00000000a4780000, 0x00000000e0000000)
  object space 73216K, 45% used [0x00000000a0000000,0x00000000a2089ec0,0x00000000a4780000)
 Metaspace       used 59644K, capacity 61839K, committed 61912K, reserved 1101824K
  class space    used 8029K, capacity 8648K, committed 8704K, reserved 1048576K
GC Heap History (10 events):
Event: 58.943 GC heap before
{Heap before GC invocations=24 (full 2):
 PSYoungGen      total 104448K, used 104444K [0x00000000e0000000, 0x00000000e8580000, 0x0000000100000000)
  eden space 96256K, 100% used [0x00000000e0000000,0x00000000e5e00000,0x00000000e5e00000)
  from space 8192K, 99% used [0x00000000e5e00000,0x00000000e65ff2e0,0x00000000e6600000)
  to   space 11776K, 0% used [0x00000000e7a00000,0x00000000e7a00000,0x00000000e8580000)
 ParOldGen       total 47104K, used 22385K [0x00000000a0000000, 0x00000000a2e00000, 0x00000000e0000000)
  object space 47104K, 47% used [0x00000000a0000000,0x00000000a15dc7e8,0x00000000a2e00000)
 Metaspace       used 51111K, capacity 52300K, committed 52440K, reserved 1095680K
  class space    used 6700K, capacity 7075K, committed 7168K, reserved 1048576K
Event: 58.966 GC heap after
Heap after GC invocations=24 (full 2):
 PSYoungGen      total 121856K, used 11745K [0x00000000e0000000, 0x00000000e8a80000, 0x0000000100000000)
  eden space 110080K, 0% used [0x00000000e0000000,0x00000000e0000000,0x00000000e6b80000)
  from space 11776K, 99% used [0x00000000e7a00000,0x00000000e8578710,0x00000000e8580000)
  to   space 14848K, 0% used [0x00000000e6b80000,0x00000000e6b80000,0x00000000e7a00000)
 ParOldGen       total 47104K, used 25154K [0x00000000a0000000, 0x00000000a2e00000, 0x00000000e0000000)
  object space 47104K, 53% used [0x00000000a0000000,0x00000000a1890bd8,0x00000000a2e00000)
 Metaspace       used 51111K, capacity 52300K, committed 52440K, reserved 1095680K
  class space    used 6700K, capacity 7075K, committed 7168K, reserved 1048576K
}
Event: 63.826 GC heap before
{Heap before GC invocations=25 (full 2):
 PSYoungGen      total 121856K, used 121825K [0x00000000e0000000, 0x00000000e8a80000, 0x0000000100000000)
  eden space 110080K, 100% used [0x00000000e0000000,0x00000000e6b80000,0x00000000e6b80000)
  from space 11776K, 99% used [0x00000000e7a00000,0x00000000e8578710,0x00000000e8580000)
  to   space 14848K, 0% used [0x00000000e6b80000,0x00000000e6b80000,0x00000000e7a00000)
 ParOldGen       total 47104K, used 25154K [0x00000000a0000000, 0x00000000a2e00000, 0x00000000e0000000)
  object space 47104K, 53% used [0x00000000a0000000,0x00000000a1890bd8,0x00000000a2e00000)
 Metaspace       used 56737K, capacity 58652K, committed 58840K, reserved 1099776K
  class space    used 7568K, capacity 8082K, committed 8192K, reserved 1048576K
Event: 63.867 GC heap after
Heap after GC invocations=25 (full 2):
 PSYoungGen      total 124928K, used 10397K [0x00000000e0000000, 0x00000000e9b80000, 0x0000000100000000)
  eden space 110080K, 0% used [0x00000000e0000000,0x00000000e0000000,0x00000000e6b80000)
  from space 14848K, 70% used [0x00000000e6b80000,0x00000000e75a77c8,0x00000000e7a00000)
  to   space 15360K, 0% used [0x00000000e8c80000,0x00000000e8c80000,0x00000000e9b80000)
 ParOldGen       total 47104K, used 33843K [0x00000000a0000000, 0x00000000a2e00000, 0x00000000e0000000)
  object space 47104K, 71% used [0x00000000a0000000,0x00000000a210cf20,0x00000000a2e00000)
 Metaspace       used 56737K, capacity 58652K, committed 58840K, reserved 1099776K
  class space    used 7568K, capacity 8082K, committed 8192K, reserved 1048576K
}
Event: 64.059 GC heap before
{Heap before GC invocations=26 (full 2):
 PSYoungGen      total 124928K, used 20182K [0x00000000e0000000, 0x00000000e9b80000, 0x0000000100000000)
  eden space 110080K, 8% used [0x00000000e0000000,0x00000000e098e130,0x00000000e6b80000)
  from space 14848K, 70% used [0x00000000e6b80000,0x00000000e75a77c8,0x00000000e7a00000)
  to   space 15360K, 0% used [0x00000000e8c80000,0x00000000e8c80000,0x00000000e9b80000)
 ParOldGen       total 47104K, used 33843K [0x00000000a0000000, 0x00000000a2e00000, 0x00000000e0000000)
  object space 47104K, 71% used [0x00000000a0000000,0x00000000a210cf20,0x00000000a2e00000)
 Metaspace       used 57044K, capacity 58953K, committed 59028K, reserved 1099776K
  class space    used 7620K, capacity 8117K, committed 8192K, reserved 1048576K
Event: 64.082 GC heap after
Heap after GC invocations=26 (full 2):
 PSYoungGen      total 144384K, used 6080K [0x00000000e0000000, 0x00000000eaa00000, 0x0000000100000000)
  eden space 129024K, 0% used [0x00000000e0000000,0x00000000e0000000,0x00000000e7e00000)
  from space 15360K, 39% used [0x00000000e8c80000,0x00000000e9270000,0x00000000e9b80000)
  to   space 14848K, 0% used [0x00000000e7e00000,0x00000000e7e00000,0x00000000e8c80000)
 ParOldGen       total 47104K, used 33851K [0x00000000a0000000, 0x00000000a2e00000, 0x00000000e0000000)
  object space 47104K, 71% used [0x00000000a0000000,0x00000000a210ef20,0x00000000a2e00000)
 Metaspace       used 57044K, capacity 58953K, committed 59028K, reserved 1099776K
  class space    used 7620K, capacity 8117K, committed 8192K, reserved 1048576K
}
Event: 64.082 GC heap before
{Heap before GC invocations=27 (full 3):
 PSYoungGen      total 144384K, used 6080K [0x00000000e0000000, 0x00000000eaa00000, 0x0000000100000000)
  eden space 129024K, 0% used [0x00000000e0000000,0x00000000e0000000,0x00000000e7e00000)
  from space 15360K, 39% used [0x00000000e8c80000,0x00000000e9270000,0x00000000e9b80000)
  to   space 14848K, 0% used [0x00000000e7e00000,0x00000000e7e00000,0x00000000e8c80000)
 ParOldGen       total 47104K, used 33851K [0x00000000a0000000, 0x00000000a2e00000, 0x00000000e0000000)
  object space 47104K, 71% used [0x00000000a0000000,0x00000000a210ef20,0x00000000a2e00000)
 Metaspace       used 57044K, capacity 58953K, committed 59028K, reserved 1099776K
  class space    used 7620K, capacity 8117K, committed 8192K, reserved 1048576K
Event: 64.624 GC heap after
Heap after GC invocations=27 (full 3):
 PSYoungGen      total 144384K, used 0K [0x00000000e0000000, 0x00000000eaa00000, 0x0000000100000000)
  eden space 129024K, 0% used [0x00000000e0000000,0x00000000e0000000,0x00000000e7e00000)
  from space 15360K, 0% used [0x00000000e8c80000,0x00000000e8c80000,0x00000000e9b80000)
  to   space 14848K, 0% used [0x00000000e7e00000,0x00000000e7e00000,0x00000000e8c80000)
 ParOldGen       total 73216K, used 32396K [0x00000000a0000000, 0x00000000a4780000, 0x00000000e0000000)
  object space 73216K, 44% used [0x00000000a0000000,0x00000000a1fa3370,0x00000000a4780000)
 Metaspace       used 57002K, capacity 58847K, committed 59028K, reserved 1099776K
  class space    used 7607K, capacity 8103K, committed 8192K, reserved 1048576K
}
Event: 68.812 GC heap before
{Heap before GC invocations=28 (full 3):
 PSYoungGen      total 144384K, used 129024K [0x00000000e0000000, 0x00000000eaa00000, 0x0000000100000000)
  eden space 129024K, 100% used [0x00000000e0000000,0x00000000e7e00000,0x00000000e7e00000)
  from space 15360K, 0% used [0x00000000e8c80000,0x00000000e8c80000,0x00000000e9b80000)
  to   space 14848K, 0% used [0x00000000e7e00000,0x00000000e7e00000,0x00000000e8c80000)
 ParOldGen       total 73216K, used 32396K [0x00000000a0000000, 0x00000000a4780000, 0x00000000e0000000)
  object space 73216K, 44% used [0x00000000a0000000,0x00000000a1fa3370,0x00000000a4780000)
 Metaspace       used 58869K, capacity 61011K, committed 61272K, reserved 1101824K
  class space    used 7961K, capacity 8546K, committed 8576K, reserved 1048576K
Event: 68.837 GC heap after
Heap after GC invocations=28 (full 3):
 PSYoungGen      total 143872K, used 14848K [0x00000000e0000000, 0x00000000ebb00000, 0x0000000100000000)
  eden space 129024K, 0% used [0x00000000e0000000,0x00000000e0000000,0x00000000e7e00000)
  from space 14848K, 100% used [0x00000000e7e00000,0x00000000e8c80000,0x00000000e8c80000)
  to   space 17408K, 0% used [0x00000000eaa00000,0x00000000eaa00000,0x00000000ebb00000)
 ParOldGen       total 73216K, used 33319K [0x00000000a0000000, 0x00000000a4780000, 0x00000000e0000000)
  object space 73216K, 45% used [0x00000000a0000000,0x00000000a2089ec0,0x00000000a4780000)
 Metaspace       used 58869K, capacity 61011K, committed 61272K, reserved 1101824K
  class space    used 7961K, capacity 8546K, committed 8576K, reserved 1048576K
}

